Join room: import-api, socket: Wyze6wCnPmtGiQbAAAAB, user: sambhav jain
Users: 1
Join room: import-api, socket: omN-yn_ssO1JA0ahAAAB, user: sambhav jain
Users: 1
[1618328789179] Join room: import-api, socket: Y4Cwe8UqEbhVTYqJAAAB, user: sambhav jain
[1618328789180] Users: 1
[2021-04-13 15:48:27] Join room: import-api, socket: i317qr_Pd-fsh0ZRAAAA, user: sambhav jain
[2021-04-13 15:48:27] Users: 1
[1618336318161] Join room: import-api, socket: Nm0B2ScBsHT0TWErAAAA, user: sambhav jain
[1618336318162] Users: 1
1618336340698
1618336360749
[2021-04-13 17:52:40] Join room: import-api, socket: frEIvsePvKTsyBMdAAAA, user: sambhav jain
1618336360753
[2021-04-13 17:52:40] Users: 1
[2021-04-14 08:53:53] Join room: import-api, socket: XZNdksZSM9F_ofEWAAAA, user: sambhav jain
[2021-04-14 08:53:53] Users: 1
[2021-04-14 09:09:55] Leave room: import-api, socket: XZNdksZSM9F_ofEWAAAA, user: sambhav jain
[2021-04-14 09:09:55] Users: 0
[2021-04-14 09:09:57] Join room: import-api, socket: g1VO1j3W_ZlIBr0DAAAB, user: sambhav jain
[2021-04-14 09:09:57] Users: 1
[2021-04-14 09:10:09] Join room: undefined, socket: 1qAd8y212GGfKwRTAAAB, user: sambhav jain
[2021-04-14 09:10:09] Users: 1
[2021-04-14 09:10:47] Join room: undefined, socket: _5j9rG2xwP_lpoVwAAAA, user: sambhav jain
http://live.local/api/pages/undefined/presences/status
[2021-04-14 09:10:47] Users: 1
sambhav jain
[2021-04-14 09:12:37] Join room: undefined, socket: etgs6ThaYgWFT8WKAAAB, user: sambhav jain
http://live.local/api/pages/undefined/presences/status
[2021-04-14 09:12:37] Users: 1
sambhav jain
[2021-04-14 09:14:45] Join room: import-api, socket: Y3j0X9D5H7b1AAevAAAB, user: sambhav jain
http://live.local/api/pages/import-api/presences/status
[2021-04-14 09:14:45] Users: 1
sambhav jain
[2021-04-14 09:15:21] Join room: import-api, socket: quyUUBft5zR2S2BnAAAB, user: sambhav jain
http://live.local/api/pages/import-api/presences/status
[2021-04-14 09:15:21] Users: 1
[QUERY] Log created with ID: 1
[2021-04-14 09:15:33] Leave room: import-api, socket: quyUUBft5zR2S2BnAAAB, user: sambhav jain
http://live.local/api/pages/import-api/presences/status
[2021-04-14 09:15:33] Users: 0
[QUERY] Log created with ID: 2
sambhav jain
[2021-04-14 09:15:47] Join room: import-api, socket: coxiTb_uzPXonOAuAAAC, user: sambhav jain
http://live.local/api/pages/import-api/presences/status
[2021-04-14 09:15:47] Users: 1
[QUERY] Log created with ID: 3
[2021-04-14 09:24:28] Leave room: import-api, socket: coxiTb_uzPXonOAuAAAC, user: sambhav jain
http://live.local/api/pages/import-api/presences/status
[2021-04-14 09:24:28] Users: 0
[2021-04-14 09:24:54] Join room: import-api, socket: SkHimygSJDuZZhLTAAAB, user: sambhav jain
[2021-04-14 09:24:54] Users: 1
[2021-04-14 09:24:54][QUERY] Log created with ID: OK
[2021-04-14 09:35:16] Leave room: import-api, socket: SkHimygSJDuZZhLTAAAB, user: sambhav jain
[2021-04-14 09:35:16] Users: 0
[2021-04-14 09:35:18] Join room: import-api, socket: 54Sv89Ah48kLIuCZAAAC, user: sambhav jain
[2021-04-14 09:35:18] Users: 1
[2021-04-14 09:36:14] Join room: import-api, socket: ALfuF45sSDf9K6fgAAAB, user: sambhav jain
[2021-04-14 09:36:14] Users: 1
[2021-04-14 09:36:14][QUERY] Log created with ID: OK
[2021-04-14 09:36:28] Leave room: import-api, socket: ALfuF45sSDf9K6fgAAAB, user: sambhav jain
[2021-04-14 09:36:28] Users: 0
[2021-04-14 09:36:28][QUERY] Log created with ID: OK
[2021-04-14 09:36:30] Join room: import-api, socket: 5Qap1usSQAJySCdpAAAC, user: sambhav jain
[2021-04-14 09:36:30] Users: 1
[2021-04-14 09:36:30][QUERY] Log created with ID: OK
[2021-04-14 09:39:42] Leave room: import-api, socket: 5Qap1usSQAJySCdpAAAC, user: sambhav jain
[2021-04-14 09:39:42] Users: 0
[2021-04-14 09:39:42][QUERY] Log created with ID: OK
[2021-04-14 10:10:06] Join room: import-api, socket: CHsbq0g-47gfrHUdAAAD, user: Christine Hutchinson
[2021-04-14 10:10:06] Users: 1
[2021-04-14 10:10:06][QUERY] Log created with ID: OK
[2021-04-14 11:44:07] Join room: import-api, socket: _ujhsHSkNUAxJr4ZAAAE, user: sambhav jain
[2021-04-14 11:44:07] Users: 2
[2021-04-14 11:44:07][QUERY] Log created with ID: OK
[2021-04-14 11:46:56] Leave room: import-api, socket: _ujhsHSkNUAxJr4ZAAAE, user: sambhav jain
[2021-04-14 11:46:56] Users: 1
[2021-04-14 11:46:56][QUERY] Log created with ID: OK
[2021-04-14 11:47:12] Join room: import-api, socket: ObMWhzWDscsugukcAAAF, user: sambhav jain
[2021-04-14 11:47:12] Users: 2
[2021-04-14 11:47:12][QUERY] Log created with ID: OK
[2021-04-14 12:40:04] Leave room: import-api, socket: ObMWhzWDscsugukcAAAF, user: sambhav jain
[2021-04-14 12:40:04] Users: 1
[2021-04-14 12:40:04][QUERY] Log created with ID: OK
[2021-04-14 12:40:22] Join room: import-api, socket: VFUfmf4bF8HWNvjzAAAG, user: sambhav jain
[2021-04-14 12:40:22] Users: 2
[2021-04-14 12:40:22][QUERY] Log created with ID: OK
[2021-04-14 12:40:29] Leave room: import-api, socket: VFUfmf4bF8HWNvjzAAAG, user: sambhav jain
[2021-04-14 12:40:29] Users: 1
[2021-04-14 12:40:29][QUERY] Log created with ID: OK
[2021-04-14 12:40:33] Join room: import-api, socket: i0w2L6ObFpo6Mkx0AAAH, user: sambhav jain
[2021-04-14 12:40:33] Users: 2
[2021-04-14 12:40:33][QUERY] Log created with ID: OK
[2021-04-14 12:40:56] Leave room: import-api, socket: i0w2L6ObFpo6Mkx0AAAH, user: sambhav jain
[2021-04-14 12:40:56] Users: 1
[2021-04-14 12:40:56][QUERY] Log created with ID: OK
[2021-04-14 12:41:00] Join room: import-api, socket: HG-aN1yZcIWLjU7ZAAAI, user: sambhav jain
[2021-04-14 12:41:00] Users: 2
[2021-04-14 12:41:01][QUERY] Log created with ID: OK
[2021-04-14 12:42:09] Leave room: import-api, socket: HG-aN1yZcIWLjU7ZAAAI, user: sambhav jain
[2021-04-14 12:42:09] Users: 1
[2021-04-14 12:42:09][QUERY] Log created with ID: OK
[2021-04-14 12:42:53] Join room: import-api, socket: Qsc4ad4ShOsqO8dsAAAJ, user: sambhav jain
[2021-04-14 12:42:53] Users: 2
[2021-04-14 12:42:53][QUERY] Log created with ID: OK
[2021-04-14 12:42:54] Leave room: import-api, socket: Qsc4ad4ShOsqO8dsAAAJ, user: sambhav jain
[2021-04-14 12:42:54] Users: 1
[2021-04-14 12:42:54][QUERY] Log created with ID: OK
[2021-04-14 12:42:58] Join room: import-api, socket: 69vPzwLVWVaT1wVJAAAK, user: sambhav jain
[2021-04-14 12:42:58] Users: 2
[2021-04-14 12:42:58][QUERY] Log created with ID: OK
[2021-04-14 12:43:19] Leave room: import-api, socket: 69vPzwLVWVaT1wVJAAAK, user: sambhav jain
[2021-04-14 12:43:19] Users: 1
[2021-04-14 12:43:19][QUERY] Log created with ID: OK
[2021-04-14 14:14:55] Join room: import-api, socket: Iyd-H_JyoSk1AnJeAAAL, user: _none_
[2021-04-14 14:14:55] Users: 2
[2021-04-14 14:14:55][QUERY] Log created with ID: OK
[2021-04-14 14:16:54] Leave room: import-api, socket: Iyd-H_JyoSk1AnJeAAAL, user: _none_
[2021-04-14 14:16:54] Users: 1
[2021-04-14 14:16:54][QUERY] Log created with ID: OK
[2021-04-14 14:16:56] Join room: import-api, socket: 3h4mgXlwzJZ9Nw_BAAAM, user: _none_
[2021-04-14 14:16:56] Users: 2
[2021-04-14 14:16:57][QUERY] Log created with ID: OK
[2021-04-14 14:23:55] Leave room: import-api, socket: 3h4mgXlwzJZ9Nw_BAAAM, user: _none_
[2021-04-14 14:23:55] Users: 1
[2021-04-14 14:23:56][QUERY] Log created with ID: OK
[2021-04-14 14:23:58] Join room: import-api, socket: 6m9jcSFMPo5PFIFeAAAN, user: _none_
[2021-04-14 14:23:58] Users: 2
[2021-04-14 14:23:58][QUERY] Log created with ID: OK
[2021-04-14 14:25:01] Leave room: import-api, socket: 6m9jcSFMPo5PFIFeAAAN, user: _none_
[2021-04-14 14:25:01] Users: 1
[2021-04-14 14:25:01][QUERY] Log created with ID: OK
[2021-04-14 14:25:04] Join room: import-api, socket: mfpN2G0gZCVn_p8yAAAO, user: _none_
[2021-04-14 14:25:04] Users: 2
[2021-04-14 14:25:04][QUERY] Log created with ID: OK
[2021-04-14 14:26:39] Leave room: import-api, socket: mfpN2G0gZCVn_p8yAAAO, user: _none_
[2021-04-14 14:26:39] Users: 1
[2021-04-14 14:26:39][QUERY] Log created with ID: OK
[2021-04-14 14:26:41] Join room: import-api, socket: yuPmkNHP43CTYO-aAAAP, user: _none_
[2021-04-14 14:26:41] Users: 2
[2021-04-14 14:26:41][QUERY] Log created with ID: OK
[2021-04-14 14:28:05] Leave room: import-api, socket: yuPmkNHP43CTYO-aAAAP, user: _none_
[2021-04-14 14:28:05] Users: 1
[2021-04-14 14:28:05][QUERY] Log created with ID: OK
[2021-04-14 14:28:07] Join room: import-api, socket: S51stQXV5ZTUTTfaAAAQ, user: _none_
[2021-04-14 14:28:07] Users: 2
[2021-04-14 14:28:07][QUERY] Log created with ID: OK
[2021-04-14 14:28:17] Leave room: import-api, socket: S51stQXV5ZTUTTfaAAAQ, user: _none_
[2021-04-14 14:28:17] Users: 1
[2021-04-14 14:28:17][QUERY] Log created with ID: OK
[2021-04-14 14:28:20] Join room: import-api, socket: ANHAZ_-XIwHKC1aQAAAR, user: _none_
[2021-04-14 14:28:20] Users: 2
[2021-04-14 14:28:20][QUERY] Log created with ID: OK
[2021-04-14 14:28:41] Leave room: import-api, socket: ANHAZ_-XIwHKC1aQAAAR, user: _none_
[2021-04-14 14:28:41] Users: 1
[2021-04-14 14:28:41][QUERY] Log created with ID: OK
[2021-04-14 14:28:43] Join room: import-api, socket: YA8dmo46h-NU3oTbAAAS, user: _none_
[2021-04-14 14:28:43] Users: 2
[2021-04-14 14:28:43][QUERY] Log created with ID: OK
[2021-04-14 14:30:04] Leave room: import-api, socket: YA8dmo46h-NU3oTbAAAS, user: _none_
[2021-04-14 14:30:04] Users: 1
[2021-04-14 14:30:04][QUERY] Log created with ID: OK
[2021-04-14 14:30:06] Join room: import-api, socket: _LtraRpvXjgauhmKAAAT, user: _none_
[2021-04-14 14:30:06] Users: 2
[2021-04-14 14:30:06][QUERY] Log created with ID: OK
[2021-04-14 14:32:04] Leave room: import-api, socket: _LtraRpvXjgauhmKAAAT, user: _none_
[2021-04-14 14:32:04] Users: 1
[2021-04-14 14:32:04][QUERY] Log created with ID: OK
[2021-04-14 14:32:07] Join room: import-api, socket: xteFRM5qv_-5eBQsAAAU, user: _none_
[2021-04-14 14:32:07] Users: 2
[2021-04-14 14:32:07][QUERY] Log created with ID: OK
[2021-04-14 14:33:52] Leave room: import-api, socket: xteFRM5qv_-5eBQsAAAU, user: _none_
[2021-04-14 14:33:52] Users: 1
[2021-04-14 14:33:52][QUERY] Log created with ID: OK
[2021-04-14 14:33:55] Join room: import-api, socket: hskl73dRXTGtC32eAAAV, user: _none_
[2021-04-14 14:33:55] Users: 2
[2021-04-14 14:33:55][QUERY] Log created with ID: OK
[2021-04-14 14:34:27] Leave room: import-api, socket: hskl73dRXTGtC32eAAAV, user: _none_
[2021-04-14 14:34:27] Users: 1
[2021-04-14 14:34:27][QUERY] Log created with ID: OK
[2021-04-14 14:34:29] Join room: import-api, socket: S8Vhg9cza4Szk-ZbAAAW, user: _none_
[2021-04-14 14:34:29] Users: 2
[2021-04-14 14:34:29][QUERY] Log created with ID: OK
[2021-04-14 14:36:01] Leave room: import-api, socket: S8Vhg9cza4Szk-ZbAAAW, user: _none_
[2021-04-14 14:36:01] Users: 1
[2021-04-14 14:36:01][QUERY] Log created with ID: OK
[2021-04-14 14:36:05] Join room: import-api, socket: XRbCOnJnPhM9uACqAAAX, user: _none_
[2021-04-14 14:36:05] Users: 2
[2021-04-14 14:36:05][QUERY] Log created with ID: OK
[2021-04-14 14:36:58] Leave room: import-api, socket: XRbCOnJnPhM9uACqAAAX, user: _none_
[2021-04-14 14:36:58] Users: 1
[2021-04-14 14:36:58][QUERY] Log created with ID: OK
[2021-04-14 14:37:01] Join room: import-api, socket: gA1XUkUnklpKTi0pAAAY, user: _none_
[2021-04-14 14:37:01] Users: 2
[2021-04-14 14:37:01][QUERY] Log created with ID: OK
[2021-04-14 14:37:09] Leave room: import-api, socket: gA1XUkUnklpKTi0pAAAY, user: _none_
[2021-04-14 14:37:09] Users: 1
[2021-04-14 14:37:09][QUERY] Log created with ID: OK
[2021-04-14 14:37:11] Join room: import-api, socket: mmplt9qquVcnbFdUAAAZ, user: _none_
[2021-04-14 14:37:11] Users: 2
[2021-04-14 14:37:12][QUERY] Log created with ID: OK
[2021-04-14 14:38:13] Leave room: import-api, socket: mmplt9qquVcnbFdUAAAZ, user: _none_
[2021-04-14 14:38:13] Users: 1
[2021-04-14 14:38:13][QUERY] Log created with ID: OK
[2021-04-14 14:38:16] Join room: import-api, socket: zG8AiS6PkJQHVXvwAAAa, user: _none_
[2021-04-14 14:38:16] Users: 2
[2021-04-14 14:38:16][QUERY] Log created with ID: OK
[2021-04-14 14:39:33] Leave room: import-api, socket: zG8AiS6PkJQHVXvwAAAa, user: _none_
[2021-04-14 14:39:33] Users: 1
[2021-04-14 14:39:33][QUERY] Log created with ID: OK
[2021-04-14 14:39:36] Join room: import-api, socket: ByUYxPI3mOef1zaWAAAb, user: _none_
[2021-04-14 14:39:36] Users: 2
[2021-04-14 14:39:36][QUERY] Log created with ID: OK
[2021-04-14 14:39:57] Leave room: import-api, socket: ByUYxPI3mOef1zaWAAAb, user: _none_
[2021-04-14 14:39:57] Users: 1
[2021-04-14 14:39:57][QUERY] Log created with ID: OK
[2021-04-14 14:39:59] Join room: import-api, socket: 1Z8-ZewcI5wPg33MAAAc, user: _none_
[2021-04-14 14:39:59] Users: 2
[2021-04-14 14:39:59][QUERY] Log created with ID: OK
[2021-04-14 14:41:44] Leave room: import-api, socket: 1Z8-ZewcI5wPg33MAAAc, user: _none_
[2021-04-14 14:41:44] Users: 1
[2021-04-14 14:41:44][QUERY] Log created with ID: OK
[2021-04-14 14:41:47] Join room: import-api, socket: xL3GixgOD7_rq8wYAAAd, user: _none_
[2021-04-14 14:41:47] Users: 2
[2021-04-14 14:41:47][QUERY] Log created with ID: OK
[2021-04-14 14:48:13] Leave room: import-api, socket: xL3GixgOD7_rq8wYAAAd, user: _none_
[2021-04-14 14:48:13] Users: 1
[2021-04-14 14:48:14][QUERY] Log created with ID: OK
[2021-04-14 14:48:16] Join room: import-api, socket: 6awHo5pQIPF0RFHpAAAe, user: _none_
[2021-04-14 14:48:16] Users: 2
[2021-04-14 14:48:16][QUERY] Log created with ID: OK
[2021-04-14 14:48:57] Leave room: import-api, socket: 6awHo5pQIPF0RFHpAAAe, user: _none_
[2021-04-14 14:48:57] Users: 1
[2021-04-14 14:48:57][QUERY] Log created with ID: OK
[2021-04-14 14:49:00] Join room: import-api, socket: 55zylS0a42HSB_RWAAAf, user: _none_
[2021-04-14 14:49:00] Users: 2
[2021-04-14 14:49:00][QUERY] Log created with ID: OK
[2021-04-14 14:49:59] Leave room: import-api, socket: 55zylS0a42HSB_RWAAAf, user: _none_
[2021-04-14 14:49:59] Users: 1
[2021-04-14 14:49:59][QUERY] Log created with ID: OK
[2021-04-14 14:50:02] Join room: import-api, socket: Lyy5nb6-F7_Zx_Z3AAAg, user: _none_
[2021-04-14 14:50:02] Users: 2
[2021-04-14 14:50:02][QUERY] Log created with ID: OK
[2021-04-14 14:52:39] Leave room: import-api, socket: Lyy5nb6-F7_Zx_Z3AAAg, user: _none_
[2021-04-14 14:52:39] Users: 1
[2021-04-14 14:52:39][QUERY] Log created with ID: OK
[2021-04-14 14:52:42] Join room: import-api, socket: ZQEZ6Gons1s-e0_mAAAh, user: _none_
[2021-04-14 14:52:42] Users: 2
[2021-04-14 14:52:42][QUERY] Log created with ID: OK
[2021-04-14 14:53:15] Leave room: import-api, socket: ZQEZ6Gons1s-e0_mAAAh, user: _none_
[2021-04-14 14:53:15] Users: 1
[2021-04-14 14:53:15][QUERY] Log created with ID: OK
[2021-04-14 14:53:17] Join room: import-api, socket: SwZIq1YnsxTllpW9AAAi, user: _none_
[2021-04-14 14:53:17] Users: 2
[2021-04-14 14:53:18][QUERY] Log created with ID: OK
[2021-04-14 14:53:32] Leave room: import-api, socket: SwZIq1YnsxTllpW9AAAi, user: _none_
[2021-04-14 14:53:32] Users: 1
[2021-04-14 14:53:32][QUERY] Log created with ID: OK
[2021-04-14 14:53:36] Join room: import-api, socket: AcJY5ynjzn82QrRaAAAj, user: _none_
[2021-04-14 14:53:36] Users: 2
[2021-04-14 14:53:36][QUERY] Log created with ID: OK
[2021-04-14 14:54:03] Leave room: import-api, socket: AcJY5ynjzn82QrRaAAAj, user: _none_
[2021-04-14 14:54:03] Users: 1
[2021-04-14 14:54:03][QUERY] Log created with ID: OK
[2021-04-14 14:54:06] Join room: import-api, socket: imQ9N3l7mmUUKrd2AAAk, user: _none_
[2021-04-14 14:54:06] Users: 2
[2021-04-14 14:54:06][QUERY] Log created with ID: OK
[2021-04-14 14:55:27] Leave room: import-api, socket: imQ9N3l7mmUUKrd2AAAk, user: _none_
[2021-04-14 14:55:27] Users: 1
[2021-04-14 14:55:27][QUERY] Log created with ID: OK
[2021-04-14 14:55:31] Join room: import-api, socket: qg7_s_c4JQVDujWxAAAl, user: _none_
[2021-04-14 14:55:31] Users: 2
[2021-04-14 14:55:31][QUERY] Log created with ID: OK
[2021-04-14 14:55:41] Leave room: import-api, socket: qg7_s_c4JQVDujWxAAAl, user: _none_
[2021-04-14 14:55:41] Users: 1
[2021-04-14 14:55:41][QUERY] Log created with ID: OK
[2021-04-14 14:55:44] Join room: import-api, socket: -a5DylBZ3lDJq5b0AAAm, user: _none_
[2021-04-14 14:55:44] Users: 2
[2021-04-14 14:55:44][QUERY] Log created with ID: OK
[2021-04-14 14:55:54] Leave room: import-api, socket: -a5DylBZ3lDJq5b0AAAm, user: _none_
[2021-04-14 14:55:54] Users: 1
[2021-04-14 14:55:54][QUERY] Log created with ID: OK
[2021-04-14 14:55:58] Join room: import-api, socket: dSsfycQyZ8w438wsAAAn, user: _none_
[2021-04-14 14:55:58] Users: 2
[2021-04-14 14:55:58][QUERY] Log created with ID: OK
[2021-04-14 14:58:00] Leave room: import-api, socket: dSsfycQyZ8w438wsAAAn, user: _none_
[2021-04-14 14:58:00] Users: 1
[2021-04-14 14:58:00][QUERY] Log created with ID: OK
[2021-04-14 14:58:04] Join room: import-api, socket: HCjqtJSxFNQB1_70AAAo, user: _none_
[2021-04-14 14:58:04] Users: 2
[2021-04-14 14:58:04][QUERY] Log created with ID: OK
[2021-04-14 14:59:18] Leave room: import-api, socket: HCjqtJSxFNQB1_70AAAo, user: _none_
[2021-04-14 14:59:18] Users: 1
[2021-04-14 14:59:18][QUERY] Log created with ID: OK
[2021-04-14 14:59:22] Join room: import-api, socket: n719FhoeO36vXZcbAAAp, user: _none_
[2021-04-14 14:59:22] Users: 2
[2021-04-14 14:59:22][QUERY] Log created with ID: OK
[2021-04-14 15:00:23] Leave room: import-api, socket: n719FhoeO36vXZcbAAAp, user: _none_
[2021-04-14 15:00:23] Users: 1
[2021-04-14 15:00:23][QUERY] Log created with ID: OK
[2021-04-14 15:00:26] Join room: import-api, socket: I3SxhEu4J_9zFnWiAAAq, user: _none_
[2021-04-14 15:00:26] Users: 2
[2021-04-14 15:00:26][QUERY] Log created with ID: OK
[2021-04-14 15:01:04] Leave room: import-api, socket: I3SxhEu4J_9zFnWiAAAq, user: _none_
[2021-04-14 15:01:04] Users: 1
[2021-04-14 15:01:04][QUERY] Log created with ID: OK
[2021-04-14 15:01:08] Join room: import-api, socket: hJm5AqDexWapw7TMAAAr, user: _none_
[2021-04-14 15:01:08] Users: 2
[2021-04-14 15:01:08][QUERY] Log created with ID: OK
[2021-04-14 15:01:21] Leave room: import-api, socket: hJm5AqDexWapw7TMAAAr, user: _none_
[2021-04-14 15:01:21] Users: 1
[2021-04-14 15:01:21][QUERY] Log created with ID: OK
[2021-04-14 15:01:24] Join room: import-api, socket: 0kPw-ctdIMZ9OZo9AAAs, user: _none_
[2021-04-14 15:01:24] Users: 2
[2021-04-14 15:01:24][QUERY] Log created with ID: OK
[2021-04-14 15:02:07] Leave room: import-api, socket: 0kPw-ctdIMZ9OZo9AAAs, user: _none_
[2021-04-14 15:02:07] Users: 1
[2021-04-14 15:02:07][QUERY] Log created with ID: OK
[2021-04-14 15:02:11] Join room: import-api, socket: ZBM44LIdkHkYS1rmAAAt, user: _none_
[2021-04-14 15:02:11] Users: 2
[2021-04-14 15:02:11][QUERY] Log created with ID: OK
[2021-04-14 15:02:43] Leave room: import-api, socket: ZBM44LIdkHkYS1rmAAAt, user: _none_
[2021-04-14 15:02:43] Users: 1
[2021-04-14 15:02:43][QUERY] Log created with ID: OK
[2021-04-14 15:02:47] Join room: import-api, socket: KQnbuG6fsr3ckrb5AAAu, user: _none_
[2021-04-14 15:02:47] Users: 2
[2021-04-14 15:02:47][QUERY] Log created with ID: OK
[2021-04-14 15:04:37] Leave room: import-api, socket: KQnbuG6fsr3ckrb5AAAu, user: _none_
[2021-04-14 15:04:37] Users: 1
[2021-04-14 15:04:37][QUERY] Log created with ID: OK
[2021-04-14 15:04:40] Join room: import-api, socket: HdiDMptQmfRWeXnIAAAv, user: _none_
[2021-04-14 15:04:40] Users: 2
[2021-04-14 15:04:40][QUERY] Log created with ID: OK
[2021-04-14 15:04:57] Leave room: import-api, socket: HdiDMptQmfRWeXnIAAAv, user: _none_
[2021-04-14 15:04:57] Users: 1
[2021-04-14 15:04:57][QUERY] Log created with ID: OK
[2021-04-14 15:05:02] Join room: import-api, socket: L4fXANh4VkW4nNEqAAAw, user: _none_
[2021-04-14 15:05:02] Users: 2
[2021-04-14 15:05:02][QUERY] Log created with ID: OK
[2021-04-14 15:05:33] Leave room: import-api, socket: L4fXANh4VkW4nNEqAAAw, user: _none_
[2021-04-14 15:05:33] Users: 1
[2021-04-14 15:05:33][QUERY] Log created with ID: OK
[2021-04-14 15:05:37] Join room: import-api, socket: 0XkC1mt4V_wlKaQ-AAAx, user: _none_
[2021-04-14 15:05:37] Users: 2
[2021-04-14 15:05:37][QUERY] Log created with ID: OK
[2021-04-14 15:06:09] Leave room: import-api, socket: 0XkC1mt4V_wlKaQ-AAAx, user: _none_
[2021-04-14 15:06:09] Users: 1
[2021-04-14 15:06:09][QUERY] Log created with ID: OK
[2021-04-14 15:06:11] Join room: import-api, socket: V1SO3ieBEyApGTxDAAAy, user: _none_
[2021-04-14 15:06:11] Users: 2
[2021-04-14 15:06:11][QUERY] Log created with ID: OK
[2021-04-14 15:07:25] Leave room: import-api, socket: V1SO3ieBEyApGTxDAAAy, user: _none_
[2021-04-14 15:07:25] Users: 1
[2021-04-14 15:07:25][QUERY] Log created with ID: OK
[2021-04-14 15:07:27] Join room: import-api, socket: vbNZ2CH0aCf2VnsPAAAz, user: _none_
[2021-04-14 15:07:27] Users: 2
[2021-04-14 15:07:27][QUERY] Log created with ID: OK
[2021-04-14 15:08:09] Leave room: import-api, socket: vbNZ2CH0aCf2VnsPAAAz, user: _none_
[2021-04-14 15:08:09] Users: 1
[2021-04-14 15:08:09][QUERY] Log created with ID: OK
[2021-04-14 15:08:11] Join room: import-api, socket: t_lcrtsfcaa2pGjeAAA0, user: _none_
[2021-04-14 15:08:11] Users: 2
[2021-04-14 15:08:11][QUERY] Log created with ID: OK
[2021-04-14 15:08:20] Leave room: import-api, socket: t_lcrtsfcaa2pGjeAAA0, user: _none_
[2021-04-14 15:08:20] Users: 1
[2021-04-14 15:08:20][QUERY] Log created with ID: OK
[2021-04-14 15:08:22] Join room: import-api, socket: iG6NlgkfNJK3sMNVAAA1, user: _none_
[2021-04-14 15:08:22] Users: 2
[2021-04-14 15:08:22][QUERY] Log created with ID: OK
[2021-04-14 15:09:04] Leave room: import-api, socket: iG6NlgkfNJK3sMNVAAA1, user: _none_
[2021-04-14 15:09:04] Users: 1
[2021-04-14 15:09:04][QUERY] Log created with ID: OK
[2021-04-14 15:09:07] Join room: import-api, socket: BzaeH-gyHfh22kSCAAA2, user: _none_
[2021-04-14 15:09:07] Users: 2
[2021-04-14 15:09:07][QUERY] Log created with ID: OK
[2021-04-14 15:10:15] Leave room: import-api, socket: BzaeH-gyHfh22kSCAAA2, user: _none_
[2021-04-14 15:10:15] Users: 1
[2021-04-14 15:10:15][QUERY] Log created with ID: OK
[2021-04-14 15:10:18] Join room: import-api, socket: sYdmxiDWASwXbyZPAAA3, user: _none_
[2021-04-14 15:10:18] Users: 2
[2021-04-14 15:10:18][QUERY] Log created with ID: OK
[2021-04-14 15:10:38] Leave room: import-api, socket: sYdmxiDWASwXbyZPAAA3, user: _none_
[2021-04-14 15:10:38] Users: 1
[2021-04-14 15:10:38][QUERY] Log created with ID: OK
[2021-04-14 15:10:41] Join room: import-api, socket: FjqTlXtGljg2DZHcAAA4, user: _none_
[2021-04-14 15:10:41] Users: 2
[2021-04-14 15:10:41][QUERY] Log created with ID: OK
[2021-04-14 15:12:23] Leave room: import-api, socket: FjqTlXtGljg2DZHcAAA4, user: _none_
[2021-04-14 15:12:23] Users: 1
[2021-04-14 15:12:23][QUERY] Log created with ID: OK
[2021-04-14 15:12:26] Join room: import-api, socket: eH-0HLHpiTHDaSvhAAA5, user: _none_
[2021-04-14 15:12:26] Users: 2
[2021-04-14 15:12:26][QUERY] Log created with ID: OK
[2021-04-14 15:13:54] Leave room: import-api, socket: eH-0HLHpiTHDaSvhAAA5, user: _none_
[2021-04-14 15:13:54] Users: 1
[2021-04-14 15:13:54][QUERY] Log created with ID: OK
[2021-04-14 15:13:58] Join room: import-api, socket: vPwpVcF29PQMMgq0AAA6, user: _none_
[2021-04-14 15:13:58] Users: 2
[2021-04-14 15:13:58][QUERY] Log created with ID: OK
[2021-04-14 15:14:55] Leave room: import-api, socket: vPwpVcF29PQMMgq0AAA6, user: _none_
[2021-04-14 15:14:55] Users: 1
[2021-04-14 15:14:55][QUERY] Log created with ID: OK
[2021-04-14 15:14:58] Join room: import-api, socket: HxPeFj-OSAAu24-YAAA7, user: _none_
[2021-04-14 15:14:58] Users: 2
[2021-04-14 15:14:58][QUERY] Log created with ID: OK
[2021-04-14 15:15:18] Leave room: import-api, socket: HxPeFj-OSAAu24-YAAA7, user: _none_
[2021-04-14 15:15:18] Users: 1
[2021-04-14 15:15:18][QUERY] Log created with ID: OK
[2021-04-14 15:15:21] Join room: import-api, socket: XY7uuJereoMdSYPQAAA8, user: _none_
[2021-04-14 15:15:21] Users: 2
[2021-04-14 15:15:22][QUERY] Log created with ID: OK
[2021-04-14 15:16:13] Leave room: import-api, socket: XY7uuJereoMdSYPQAAA8, user: _none_
[2021-04-14 15:16:13] Users: 1
[2021-04-14 15:16:13][QUERY] Log created with ID: OK
[2021-04-14 15:16:16] Join room: import-api, socket: 1WuQI-Qw3F0kmIQmAAA9, user: _none_
[2021-04-14 15:16:16] Users: 2
[2021-04-14 15:16:16][QUERY] Log created with ID: OK
[2021-04-14 15:17:21] Leave room: import-api, socket: 1WuQI-Qw3F0kmIQmAAA9, user: _none_
[2021-04-14 15:17:21] Users: 1
[2021-04-14 15:17:21][QUERY] Log created with ID: OK
[2021-04-14 15:17:25] Join room: import-api, socket: AjYMu95RAhlK9QT1AAA-, user: _none_
[2021-04-14 15:17:25] Users: 2
[2021-04-14 15:17:26][QUERY] Log created with ID: OK
[2021-04-14 15:17:52] Leave room: import-api, socket: AjYMu95RAhlK9QT1AAA-, user: _none_
[2021-04-14 15:17:52] Users: 1
[2021-04-14 15:17:52][QUERY] Log created with ID: OK
[2021-04-14 15:17:56] Join room: import-api, socket: ChNs5zHXHBQvy7obAAA_, user: _none_
[2021-04-14 15:17:56] Users: 2
[2021-04-14 15:17:56][QUERY] Log created with ID: OK
[2021-04-14 15:18:28] Leave room: import-api, socket: ChNs5zHXHBQvy7obAAA_, user: _none_
[2021-04-14 15:18:28] Users: 1
[2021-04-14 15:18:28][QUERY] Log created with ID: OK
[2021-04-14 15:18:30] Join room: import-api, socket: jcPpevmQ-RRFbpG-AABA, user: _none_
[2021-04-14 15:18:30] Users: 2
[2021-04-14 15:18:30][QUERY] Log created with ID: OK
[2021-04-14 15:19:00] Leave room: import-api, socket: jcPpevmQ-RRFbpG-AABA, user: _none_
[2021-04-14 15:19:00] Users: 1
[2021-04-14 15:19:01][QUERY] Log created with ID: OK
[2021-04-14 15:19:03] Join room: import-api, socket: QQre0v1llS00B3fVAABB, user: _none_
[2021-04-14 15:19:03] Users: 2
[2021-04-14 15:19:04][QUERY] Log created with ID: OK
[2021-04-14 15:20:11] Leave room: import-api, socket: QQre0v1llS00B3fVAABB, user: _none_
[2021-04-14 15:20:11] Users: 1
[2021-04-14 15:20:11][QUERY] Log created with ID: OK
[2021-04-14 15:20:14] Join room: import-api, socket: 6ZGS6UTZi2A0F4BcAABC, user: _none_
[2021-04-14 15:20:14] Users: 2
[2021-04-14 15:20:14][QUERY] Log created with ID: OK
[2021-04-14 15:20:47] Leave room: import-api, socket: 6ZGS6UTZi2A0F4BcAABC, user: _none_
[2021-04-14 15:20:47] Users: 1
[2021-04-14 15:20:47][QUERY] Log created with ID: OK
[2021-04-14 15:21:43] Join room: import-api, socket: Ku7GQFoo2-nTb79iAABD, user: sambhav jain
[2021-04-14 15:21:43] Users: 2
[2021-04-14 15:21:43][QUERY] Log created with ID: OK
[2021-04-14 15:21:45] Leave room: import-api, socket: Ku7GQFoo2-nTb79iAABD, user: sambhav jain
[2021-04-14 15:21:45] Users: 1
[2021-04-14 15:21:45][QUERY] Log created with ID: OK
[2021-04-14 15:22:09] Join room: import-api, socket: uMdNDIGPLWjihpzsAABE, user: sambhav jain
[2021-04-14 15:22:09] Users: 2
[2021-04-14 15:22:09][QUERY] Log created with ID: OK
[2021-04-14 15:27:10] Leave room: import-api, socket: uMdNDIGPLWjihpzsAABE, user: sambhav jain
[2021-04-14 15:27:10] Users: 1
[2021-04-14 15:27:10][QUERY] Log created with ID: OK
[2021-04-14 15:27:17] Join room: import-api, socket: FoEUFXesianUeYr0AABF, user: sambhav jain
[2021-04-14 15:27:17] Users: 2
[2021-04-14 15:27:17][QUERY] Log created with ID: OK
[2021-04-14 15:27:30] Leave room: import-api, socket: FoEUFXesianUeYr0AABF, user: sambhav jain
[2021-04-14 15:27:30] Users: 1
[2021-04-14 15:27:30][QUERY] Log created with ID: OK
[2021-04-14 15:30:08] Join room: import-api, socket: 7ftvR-TsqIhb1lrZAABG, user: sambhav jain
[2021-04-14 15:30:08] Users: 2
[2021-04-14 15:30:08][QUERY] Log created with ID: OK
[2021-04-14 15:30:11] Leave room: import-api, socket: 7ftvR-TsqIhb1lrZAABG, user: sambhav jain
[2021-04-14 15:30:11] Users: 1
[2021-04-14 15:30:11][QUERY] Log created with ID: OK
[2021-04-14 15:37:44] Join room: import-api, socket: nlAGRY34rwF3zZmZAABH, user: sambhav jain
[2021-04-14 15:37:44] Users: 2
[2021-04-14 15:37:44][QUERY] Log created with ID: OK
[2021-04-14 15:37:50] Leave room: import-api, socket: nlAGRY34rwF3zZmZAABH, user: sambhav jain
[2021-04-14 15:37:50] Users: 1
[2021-04-14 15:37:50][QUERY] Log created with ID: OK
[2021-04-14 15:37:54] Join room: import-api, socket: pi7qgqR8N4CjG7-iAABI, user: sambhav jain
[2021-04-14 15:37:54] Users: 2
[2021-04-14 15:37:54][QUERY] Log created with ID: OK
[2021-04-14 15:37:55] Leave room: import-api, socket: pi7qgqR8N4CjG7-iAABI, user: sambhav jain
[2021-04-14 15:37:55] Users: 1
[2021-04-14 15:37:56][QUERY] Log created with ID: OK
[2021-04-14 15:41:52] Join room: import-api, socket: OeOwbMjmeAwW3FvfAABJ, user: sambhav jain
[2021-04-14 15:41:52] Users: 2
[2021-04-14 15:41:52][QUERY] Log created with ID: OK
[2021-04-14 15:41:54] Leave room: import-api, socket: OeOwbMjmeAwW3FvfAABJ, user: sambhav jain
[2021-04-14 15:41:54] Users: 1
[2021-04-14 15:41:54][QUERY] Log created with ID: OK
[2021-04-14 15:44:31] Join room: import-api, socket: pDv5px-AHgyyPmhdAABK, user: sambhav jain
[2021-04-14 15:44:31] Users: 2
[2021-04-14 15:44:31][QUERY] Log created with ID: OK
[2021-04-14 15:44:33] Leave room: import-api, socket: pDv5px-AHgyyPmhdAABK, user: sambhav jain
[2021-04-14 15:44:33] Users: 1
[2021-04-14 15:44:33][QUERY] Log created with ID: OK
[2021-04-14 15:44:37] Join room: import-api, socket: 0t8EDz-nHkJDTmTTAABL, user: sambhav jain
[2021-04-14 15:44:37] Users: 2
[2021-04-14 15:44:37][QUERY] Log created with ID: OK
[2021-04-14 15:44:56] Leave room: import-api, socket: 0t8EDz-nHkJDTmTTAABL, user: sambhav jain
[2021-04-14 15:44:56] Users: 1
[2021-04-14 15:44:56][QUERY] Log created with ID: OK
[2021-04-14 15:59:48] Join room: import-api, socket: cPmzX8xCMJJwofnAAABM, user: sambhav jain
[2021-04-14 15:59:48] Users: 2
[2021-04-14 15:59:48][QUERY] Log created with ID: OK
[2021-04-14 16:00:06] Leave room: import-api, socket: cPmzX8xCMJJwofnAAABM, user: sambhav jain
[2021-04-14 16:00:06] Users: 1
[2021-04-14 16:00:06][QUERY] Log created with ID: OK
[2021-04-14 16:04:11] Join room: import-api, socket: WlXVfUKPNWLTOEwvAABN, user: sambhav jain
[2021-04-14 16:04:11] Users: 2
[2021-04-14 16:04:11][QUERY] Log created with ID: OK
[2021-04-14 16:04:40] Leave room: import-api, socket: CHsbq0g-47gfrHUdAAAD, user: Christine Hutchinson
[2021-04-14 16:04:40] Users: 1
[2021-04-14 16:04:40][QUERY] Log created with ID: OK
[2021-04-14 16:05:03] Join room: import-api, socket: BR7SgStwstCyw4fvAABO, user: sambhav jain
[2021-04-14 16:05:03] Users: 2
[2021-04-14 16:05:03][QUERY] Log created with ID: OK
[2021-04-14 16:05:06] Leave room: import-api, socket: WlXVfUKPNWLTOEwvAABN, user: sambhav jain
[2021-04-14 16:05:06] Users: 0
[2021-04-14 16:05:06][QUERY] Log created with ID: OK
[2021-04-14 16:05:11] Join room: import-api, socket: IUOGtbRXAl-xShfsAABP, user: sambhav jain
[2021-04-14 16:05:11] Users: 1
[2021-04-14 16:05:11][QUERY] Log created with ID: OK
[2021-04-14 16:05:14] Leave room: import-api, socket: IUOGtbRXAl-xShfsAABP, user: sambhav jain
[2021-04-14 16:05:14] Users: 0
[2021-04-14 16:05:15][QUERY] Log created with ID: OK
[2021-04-14 16:05:41] Join room: import-api, socket: T6HdxJjMytlyTZeWAABQ, user: sambhav jain
[2021-04-14 16:05:41] Users: 1
[2021-04-14 16:05:41][QUERY] Log created with ID: OK
[2021-04-14 16:05:59] Leave room: import-api, socket: BR7SgStwstCyw4fvAABO, user: sambhav jain
[2021-04-14 16:05:59] Users: 0
[2021-04-14 16:05:59][QUERY] Log created with ID: OK
[2021-04-14 16:06:31] Join room: import-api, socket: E6dbQtUWtjpVSxZTAABR, user: sambhav jain
[2021-04-14 16:06:31] Users: 1
[2021-04-14 16:06:31][QUERY] Log created with ID: OK
[2021-04-14 16:06:39] Leave room: import-api, socket: T6HdxJjMytlyTZeWAABQ, user: sambhav jain
[2021-04-14 16:06:39] Users: 0
[2021-04-14 16:06:39][QUERY] Log created with ID: OK
[2021-04-14 16:07:08] Join room: import-api, socket: F4jk5smMVqOW5526AABS, user: sambhav jain
[2021-04-14 16:07:08] Users: 1
[2021-04-14 16:07:08][QUERY] Log created with ID: OK
[2021-04-14 16:07:23] Leave room: import-api, socket: E6dbQtUWtjpVSxZTAABR, user: sambhav jain
[2021-04-14 16:07:23] Users: 0
[2021-04-14 16:07:23][QUERY] Log created with ID: OK
[2021-04-14 16:07:32] Join room: import-api, socket: aE936FFkG6y_doaKAABT, user: sambhav jain
[2021-04-14 16:07:32] Users: 1
[2021-04-14 16:07:32][QUERY] Log created with ID: OK
[2021-04-14 16:07:42] Leave room: import-api, socket: F4jk5smMVqOW5526AABS, user: sambhav jain
[2021-04-14 16:07:42] Users: 0
[2021-04-14 16:07:42][QUERY] Log created with ID: OK
[2021-04-14 16:07:45] Leave room: import-api, socket: aE936FFkG6y_doaKAABT, user: sambhav jain
[2021-04-14 16:07:45] Users: 0
[2021-04-14 16:07:45][QUERY] Log created with ID: OK
[2021-04-14 16:08:00] Join room: import-api, socket: rVrpeOTQkgXCRqEIAABU, user: sambhav jain
[2021-04-14 16:08:00] Users: 1
[2021-04-14 16:08:00][QUERY] Log created with ID: OK
[2021-04-14 16:08:29] Leave room: import-api, socket: rVrpeOTQkgXCRqEIAABU, user: sambhav jain
[2021-04-14 16:08:29] Users: 0
[2021-04-14 16:08:29][QUERY] Log created with ID: OK
[2021-04-14 16:08:40] Join room: import-api, socket: 0JzLLUs6KakLgtQEAABV, user: sambhav jain
[2021-04-14 16:08:40] Users: 1
[2021-04-14 16:08:40][QUERY] Log created with ID: OK
[2021-04-14 16:08:55] Join room: import-api, socket: ejriNQ7JIcDLzcGbAABW, user: sambhav jain
[2021-04-14 16:08:55] Users: 2
[2021-04-14 16:08:55][QUERY] Log created with ID: OK
[2021-04-14 16:09:02] Leave room: import-api, socket: 0JzLLUs6KakLgtQEAABV, user: sambhav jain
[2021-04-14 16:09:02] Users: 0
[2021-04-14 16:09:02][QUERY] Log created with ID: OK
[2021-04-14 16:09:57] Leave room: import-api, socket: ejriNQ7JIcDLzcGbAABW, user: sambhav jain
[2021-04-14 16:09:57] Users: 0
[2021-04-14 16:09:57][QUERY] Log created with ID: OK
[2021-04-14 16:10:02] Join room: import-api, socket: vVxufbxDa_NBNSOyAABX, user: sambhav jain
[2021-04-14 16:10:02] Users: 1
[2021-04-14 16:10:02][QUERY] Log created with ID: OK
[2021-04-14 16:13:29] Leave room: import-api, socket: vVxufbxDa_NBNSOyAABX, user: sambhav jain
[2021-04-14 16:13:29] Users: 0
[2021-04-14 16:13:29][QUERY] Log created with ID: OK
[2021-04-15 10:38:07] Socket already connected: PdP9yBxhC-4uifhcAAAA
[2021-04-15 10:38:08] Join room: import-api, socket: PdP9yBxhC-4uifhcAAAA, user: sambhav jain
[2021-04-15 10:38:08] Users: 1
[2021-04-15 10:45:41] Join room: import-api, socket: Rp6O0LdJQ-VaSvuZAAAB, user: sambhav jain
[2021-04-15 10:45:41] Users: 1
[2021-04-15 10:45:41][QUERY] Log created: OK
[2021-04-15 10:46:18] Leave room: import-api, socket: Rp6O0LdJQ-VaSvuZAAAB, user: sambhav jain
[2021-04-15 10:46:18] Users: 0
[2021-04-15 10:46:19][QUERY] Log created: OK
[2021-04-15 10:47:19] Join room: import-api, socket: QmcRiwgBiRXohvV2AAAC, user: sambhav jain
[2021-04-15 10:47:19] Users: 1
[2021-04-15 10:47:19][QUERY] Log created: OK
[2021-04-15 10:52:27] Join room: import-api, socket: 2YPsTeXftaZhFl2XAAAD, user: Christine Hutchinson
[2021-04-15 10:52:27] Users: 2
[2021-04-15 10:52:27][QUERY] Log created: OK
[2021-04-15 10:52:29] Leave room: import-api, socket: 2YPsTeXftaZhFl2XAAAD, user: Christine Hutchinson
[2021-04-15 10:52:29] Users: 1
[2021-04-15 10:52:29][QUERY] Log created: OK
[2021-04-15 10:52:36] Join room: import-api, socket: l17iWB--vEZACgvQAAAE, user: Christine Hutchinson
[2021-04-15 10:52:36] Users: 2
[2021-04-15 10:52:36][QUERY] Log created: OK
[2021-04-15 10:53:11] Leave room: import-api, socket: l17iWB--vEZACgvQAAAE, user: Christine Hutchinson
[2021-04-15 10:53:11] Users: 1
[2021-04-15 10:53:11][QUERY] Log created: OK
